2022-12-15 05:15:12,982 INFO  [Log] ********************************* 
2022-12-15 05:15:12,985 INFO  [Log] ********************************* 
2022-12-15 05:15:13,048 INFO  [Log] *************   My first test case is Login test   ************* 
2022-12-15 05:15:13,049 INFO  [Log] ********************************* 
2022-12-15 05:15:13,049 INFO  [Log] ********************************* 
2022-12-15 05:15:13,049 INFO  [Log] My Login test is going on 
2022-12-15 05:15:13,049 INFO  [Log] My case might be failed 
2022-12-15 05:15:19,632 INFO  [Log] My test case is about to complete 
2022-12-15 05:15:19,632 INFO  [Log] ################################## 
2022-12-15 05:15:19,632 INFO  [Log] ################################## 
2022-12-15 05:15:19,667 INFO  [Log] ############   This is my Login test again   ############ 
2022-12-15 05:15:19,667 INFO  [Log] ################################## 
2022-12-15 05:15:19,667 INFO  [Log] ################################## 
2022-12-15 05:18:30,099 INFO  [Log] ****************************************************************** 
2022-12-15 05:18:30,100 INFO  [Log] ****************************************************************** 
2022-12-15 05:18:30,138 INFO  [Log] *************   My first test case is Login test   ************* 
2022-12-15 05:18:30,138 INFO  [Log] ****************************************************************** 
2022-12-15 05:18:30,138 INFO  [Log] ****************************************************************** 
2022-12-15 05:18:30,138 INFO  [Log] My Login test is going on 
2022-12-15 05:18:30,138 INFO  [Log] My case might be failed 
2022-12-15 05:18:33,995 INFO  [Log] My test case is about to complete 
2022-12-15 05:18:33,995 INFO  [Log] #################################################################### 
2022-12-15 05:18:33,995 INFO  [Log] #################################################################### 
2022-12-15 05:18:33,995 INFO  [Log] ############   This is my Login test again   ############ 
2022-12-15 05:18:33,995 INFO  [Log] #################################################################### 
2022-12-15 05:18:33,995 INFO  [Log] #################################################################### 
2022-12-15 05:20:09,877 INFO  [Log] ***************************************** 
2022-12-15 05:20:09,878 INFO  [Log] ***************************************** 
2022-12-15 05:20:09,912 INFO  [Log] *************   My first test case is Login test   ************* 
2022-12-15 05:20:09,915 INFO  [Log] ***************************************** 
2022-12-15 05:20:09,915 INFO  [Log] ***************************************** 
2022-12-15 05:20:09,915 INFO  [Log] My Login test is going on 
2022-12-15 05:20:09,915 INFO  [Log] My case might be failed 
2022-12-15 05:20:13,417 INFO  [Log] My test case is about to complete 
2022-12-15 05:20:13,417 INFO  [Log] ######################################### 
2022-12-15 05:20:13,417 INFO  [Log] ######################################### 
2022-12-15 05:20:13,418 INFO  [Log] ############   This is my Login test again   ############ 
2022-12-15 05:20:13,418 INFO  [Log] ######################################### 
2022-12-15 05:20:13,418 INFO  [Log] ######################################### 
